<?xml version="1.0" encoding="UTF-8"?>
<!-- Generated by org.testng.reporters.JUnitXMLReporter -->
<testsuite ignored="0" hostname="DESKTOP-M0HE1BS" failures="0" tests="5" name="Default test" time="11.772" errors="0" timestamp="2026-02-20T21:00:02 IST">
  <testcase classname="api.testcases.User_DDTestCases" name="test_POSTrequest" time="4.45"/>
  <testcase classname="api.testcases.User_DDTestCases" name="test_POSTrequest" time="1.518"/>
  <testcase classname="api.testcases.User_DDTestCases" name="test_POSTrequest" time="1.475"/>
  <testcase classname="api.testcases.User_DDTestCases" name="test_POSTrequest" time="1.51"/>
  <testcase classname="api.testcases.User_DDTestCases" name="test_POSTrequest" time="1.524"/>
</testsuite> <!-- Default test -->
