<?xml version="1.0" encoding="UTF-8"?>
<!-- Generated by org.testng.reporters.JUnitReportReporter -->
<testsuite hostname="DESKTOP-M0HE1BS" failures="0" tests="5" name="api.testcases.User_DDTestCases" time="10.477" errors="0" timestamp="2026-02-20T21:00:02 IST" skipped="0">
  <testcase classname="api.testcases.User_DDTestCases" name="test_POSTrequest" time="1.518"/>
  <testcase classname="api.testcases.User_DDTestCases" name="test_POSTrequest" time="1.524"/>
  <testcase classname="api.testcases.User_DDTestCases" name="test_POSTrequest" time="4.450"/>
  <testcase classname="api.testcases.User_DDTestCases" name="test_POSTrequest" time="1.475"/>
  <testcase classname="api.testcases.User_DDTestCases" name="test_POSTrequest" time="1.510"/>
</testsuite> <!-- api.testcases.User_DDTestCases -->
