<?xml version="1.0" encoding="UTF-8"?>
<!-- Generated by org.testng.reporters.JUnitReportReporter -->
<testsuite hostname="DESKTOP-M0HE1BS" failures="0" tests="6" name="api.testcases.User_DDTestCases" time="4.502" errors="0" timestamp="2026-02-20T18:59:42 IST" skipped="0">
  <testcase classname="api.testcases.User_DDTestCases" name="load_Data" time="0.019"/>
  <testcase classname="api.testcases.User_DDTestCases" name="load_Data" time="0.004"/>
  <testcase classname="api.testcases.User_DDTestCases" name="load_Data" time="0.002"/>
  <testcase classname="api.testcases.User_DDTestCases" name="load_Data" time="0.003"/>
  <testcase classname="api.testcases.User_DDTestCases" name="load_Data" time="0.002"/>
  <testcase classname="api.testcases.User_DDTestCases" name="POSTRequest" time="4.472"/>
</testsuite> <!-- api.testcases.User_DDTestCases -->
